0 info it worked if it ends with ok
1 verbose cli [ 'node',
1 verbose cli   '/Users/leechulhee/.nvm/v0.10.38/bin/npm',
1 verbose cli   'run',
1 verbose cli   'publish' ]
2 info using npm@2.10.0
3 info using node@v0.10.38
4 verbose run-script [ 'prepublish', 'publish', 'postpublish' ]
5 info prepublish @
6 info publish @
7 verbose unsafe-perm in lifecycle true
8 info @ Failed to exec publish script
9 verbose stack Error: @ publish: `bash scripts/publish.sh`
9 verbose stack Exit status 1
9 verbose stack     at EventEmitter.<anonymous> (/Users/leechulhee/.nvm/v0.10.38/lib/node_modules/npm/lib/utils/lifecycle.js:213:16)
9 verbose stack     at EventEmitter.emit (events.js:98:17)
9 verbose stack     at ChildProcess.<anonymous> (/Users/leechulhee/.nvm/v0.10.38/lib/node_modules/npm/lib/utils/spawn.js:24:14)
9 verbose stack     at ChildProcess.emit (events.js:98:17)
9 verbose stack     at maybeClose (child_process.js:766:16)
9 verbose stack     at Process.ChildProcess._handle.onexit (child_process.js:833:5)
10 verbose pkgid @
11 verbose cwd /Users/leechulhee/Developer/Projects/ironhee-2015-presentation
12 error Darwin 15.0.0
13 error argv "node" "/Users/leechulhee/.nvm/v0.10.38/bin/npm" "run" "publish"
14 error node v0.10.38
15 error npm  v2.10.0
16 error code ELIFECYCLE
17 error @ publish: `bash scripts/publish.sh`
17 error Exit status 1
18 error Failed at the @ publish script 'bash scripts/publish.sh'.
18 error This is most likely a problem with the  package,
18 error not with npm itself.
18 error Tell the author that this fails on your system:
18 error     bash scripts/publish.sh
18 error You can get their info via:
18 error     npm owner ls
18 error There is likely additional logging output above.
19 verbose exit [ 1, true ]
